[    39.035] (WW) Failed to open protocol names file lib/xorg/protocol.txt
[    39.036] 
X.Org X Server 1.20.3
X Protocol Version 11, Revision 0
[    39.036] Build Operating System: Linux Arch Linux
[    39.036] Current Operating System: Linux otlin100Arch 4.19.8-arch1-1-ARCH #1 SMP PREEMPT Sat Dec 8 13:49:11 UTC 2018 x86_64
[    39.036] Kernel command line: BOOT_IMAGE=/boot/vmlinuz-linux root=UUID=f0d97a1f-cc3f-47d7-aacd-23491a9f2823 rw quiet
[    39.036] Build Date: 25 October 2018  04:42:32PM
[    39.036]  
[    39.036] Current version of pixman: 0.36.0
[    39.037] 	Before reporting problems, check http://wiki.x.org
	to make sure that you have the latest version.
[    39.037] Markers: (--) probed, (**) from config file, (==) default setting,
	(++) from command line, (!!) notice, (II) informational,
	(WW) warning, (EE) error, (NI) not implemented, (??) unknown.
[    39.037] (==) Log file: "/home/otlin/.local/share/xorg/Xorg.0.log", Time: Fri Dec 21 14:43:44 2018
[    39.065] (==) Using config directory: "/etc/X11/xorg.conf.d"
[    39.065] (==) Using system config directory "/usr/share/X11/xorg.conf.d"
[    39.092] (==) No Layout section.  Using the first Screen section.
[    39.092] (==) No screen section available. Using defaults.
[    39.092] (**) |-->Screen "Default Screen Section" (0)
[    39.092] (**) |   |-->Monitor "<default monitor>"
[    39.093] (==) No monitor specified for screen "Default Screen Section".
	Using a default monitor configuration.
[    39.093] (==) Automatically adding devices
[    39.093] (==) Automatically enabling devices
[    39.094] (==) Automatically adding GPU devices
[    39.094] (==) Automatically binding GPU devices
[    39.094] (==) Max clients allowed: 256, resource mask: 0x1fffff
[    39.100] (WW) The directory "/usr/share/fonts/misc" does not exist.
[    39.101] 	Entry deleted from font path.
[    39.114] (WW) The directory "/usr/share/fonts/OTF" does not exist.
[    39.114] 	Entry deleted from font path.
[    39.114] (WW) The directory "/usr/share/fonts/Type1" does not exist.
[    39.114] 	Entry deleted from font path.
[    39.114] (WW) The directory "/usr/share/fonts/100dpi" does not exist.
[    39.114] 	Entry deleted from font path.
[    39.114] (WW) The directory "/usr/share/fonts/75dpi" does not exist.
[    39.114] 	Entry deleted from font path.
[    39.114] (==) FontPath set to:
	/usr/share/fonts/TTF
[    39.114] (==) ModulePath set to "/usr/lib/xorg/modules"
[    39.114] (II) The server relies on udev to provide the list of input devices.
	If no devices become available, reconfigure udev or disable AutoAddDevices.
[    39.114] (II) Module ABI versions:
[    39.114] 	X.Org ANSI C Emulation: 0.4
[    39.114] 	X.Org Video Driver: 24.0
[    39.114] 	X.Org XInput driver : 24.1
[    39.114] 	X.Org Server Extension : 10.0
[    39.115] (++) using VT number 1

[    39.118] (II) systemd-logind: took control of session /org/freedesktop/login1/session/_31
[    39.119] (II) xfree86: Adding drm device (/dev/dri/card0)
[    39.120] (II) systemd-logind: got fd for /dev/dri/card0 226:0 fd 10 paused 0
[    39.125] (--) PCI:*(0@0:2:0) 8086:0a16:1025:079b rev 11, Mem @ 0xb3000000/4194304, 0xc0000000/268435456, I/O @ 0x00005000/64, BIOS @ 0x????????/131072
[    39.125] (--) PCI: (1@0:0:0) 10de:1391:1025:079b rev 162, Mem @ 0xb2000000/16777216, 0xa0000000/268435456, 0xb0000000/33554432, I/O @ 0x00003000/128
[    39.125] (WW) Open ACPI failed (/var/run/acpid.socket) (No such file or directory)
[    39.125] (II) LoadModule: "glx"
[    39.141] (II) Loading /usr/lib/xorg/modules/extensions/libglx.so
[    39.220] (II) Module glx: vendor="X.Org Foundation"
[    39.220] 	compiled for 1.20.3, module version = 1.0.0
[    39.220] 	ABI class: X.Org Server Extension, version 10.0
[    39.220] (II) Applying OutputClass "intel" to /dev/dri/card0
[    39.220] 	loading driver: modesetting
[    39.220] (==) Matched modesetting as autoconfigured driver 0
[    39.220] (==) Matched intel as autoconfigured driver 1
[    39.220] (==) Matched fbdev as autoconfigured driver 2
[    39.220] (==) Matched vesa as autoconfigured driver 3
[    39.220] (==) Assigned the driver to the xf86ConfigLayout
[    39.220] (II) LoadModule: "modesetting"
[    39.220] (II) Loading /usr/lib/xorg/modules/drivers/modesetting_drv.so
[    39.252] (II) Module modesetting: vendor="X.Org Foundation"
[    39.252] 	compiled for 1.20.3, module version = 1.20.3
[    39.252] 	Module class: X.Org Video Driver
[    39.252] 	ABI class: X.Org Video Driver, version 24.0
[    39.252] (II) LoadModule: "intel"
[    39.252] (II) Loading /usr/lib/xorg/modules/drivers/intel_drv.so
[    39.297] (II) Module intel: vendor="X.Org Foundation"
[    39.297] 	compiled for 1.20.3, module version = 2.99.917
[    39.297] 	Module class: X.Org Video Driver
[    39.297] 	ABI class: X.Org Video Driver, version 24.0
[    39.297] (II) LoadModule: "fbdev"
[    39.297] (WW) Warning, couldn't open module fbdev
[    39.297] (EE) Failed to load module "fbdev" (module does not exist, 0)
[    39.297] (II) LoadModule: "vesa"
[    39.298] (WW) Warning, couldn't open module vesa
[    39.298] (EE) Failed to load module "vesa" (module does not exist, 0)
[    39.298] (II) modesetting: Driver for Modesetting Kernel Drivers: kms
[    39.298] (II) intel: Driver for Intel(R) Integrated Graphics Chipsets:
	i810, i810-dc100, i810e, i815, i830M, 845G, 854, 852GM/855GM, 865G,
	915G, E7221 (i915), 915GM, 945G, 945GM, 945GME, Pineview GM,
	Pineview G, 965G, G35, 965Q, 946GZ, 965GM, 965GME/GLE, G33, Q35, Q33,
	GM45, 4 Series, G45/G43, Q45/Q43, G41, B43
[    39.298] (II) intel: Driver for Intel(R) HD Graphics
[    39.298] (II) intel: Driver for Intel(R) Iris(TM) Graphics
[    39.298] (II) intel: Driver for Intel(R) Iris(TM) Pro Graphics
[    39.298] xf86EnableIOPorts: failed to set IOPL for I/O (Operation not permitted)
[    39.298] (II) modeset(0): using drv /dev/dri/card0
[    39.299] (WW) VGA arbiter: cannot open kernel arbiter, no multi-card support
[    39.299] (II) modeset(0): Creating default Display subsection in Screen section
	"Default Screen Section" for depth/fbbpp 24/32
[    39.299] (==) modeset(0): Depth 24, (==) framebuffer bpp 32
[    39.299] (==) modeset(0): RGB weight 888
[    39.299] (==) modeset(0): Default visual is TrueColor
[    39.299] (II) Loading sub module "glamoregl"
[    39.299] (II) LoadModule: "glamoregl"
[    39.299] (II) Loading /usr/lib/xorg/modules/libglamoregl.so
[    39.340] (II) Module glamoregl: vendor="X.Org Foundation"
[    39.340] 	compiled for 1.20.3, module version = 1.0.1
[    39.340] 	ABI class: X.Org ANSI C Emulation, version 0.4
[    40.001] (II) modeset(0): glamor X acceleration enabled on Mesa DRI Intel(R) Haswell Mobile 
[    40.001] (II) modeset(0): glamor initialized
[    40.002] (II) modeset(0): Output eDP-1 has no monitor section
[    40.030] (II) modeset(0): Output HDMI-1 has no monitor section
[    40.030] (II) modeset(0): Output DP-1 has no monitor section
[    40.031] (II) modeset(0): Output HDMI-2 has no monitor section
[    40.033] (II) modeset(0): EDID for output eDP-1
[    40.033] (II) modeset(0): Manufacturer: AUO  Model: 47ec  Serial#: 0
[    40.033] (II) modeset(0): Year: 2013  Week: 0
[    40.033] (II) modeset(0): EDID Version: 1.4
[    40.033] (II) modeset(0): Digital Display Input
[    40.033] (II) modeset(0): 6 bits per channel
[    40.033] (II) modeset(0): Digital interface is DisplayPort
[    40.033] (II) modeset(0): Max Image Size [cm]: horiz.: 34  vert.: 19
[    40.033] (II) modeset(0): Gamma: 2.20
[    40.033] (II) modeset(0): No DPMS capabilities specified
[    40.033] (II) modeset(0): Supported color encodings: RGB 4:4:4 
[    40.033] (II) modeset(0): First detailed timing is preferred mode
[    40.033] (II) modeset(0): Preferred mode is native pixel format and refresh rate
[    40.033] (II) modeset(0): redX: 0.590 redY: 0.340   greenX: 0.330 greenY: 0.550
[    40.033] (II) modeset(0): blueX: 0.150 blueY: 0.140   whiteX: 0.313 whiteY: 0.329
[    40.033] (II) modeset(0): Manufacturer's mask: 0
[    40.033] (II) modeset(0): Supported detailed timing:
[    40.033] (II) modeset(0): clock: 76.3 MHz   Image Size:  344 x 193 mm
[    40.033] (II) modeset(0): h_active: 1366  h_sync: 1404  h_sync_end 1426 h_blank_end 1592 h_border: 0
[    40.033] (II) modeset(0): v_active: 768  v_sync: 771  v_sync_end 777 v_blanking: 798 v_border: 0
[    40.033] (II) modeset(0): Unknown vendor-specific block f
[    40.033] (II) modeset(0):  AUO
[    40.033] (II) modeset(0):  B156XW004.7
[    40.033] (II) modeset(0): EDID (in hex):
[    40.033] (II) modeset(0): 	00ffffffffffff0006afec4700000000
[    40.033] (II) modeset(0): 	0017010495221378020bb59757548c26
[    40.033] (II) modeset(0): 	23505400000001010101010101010101
[    40.034] (II) modeset(0): 	010101010101ce1d56e250001e302616
[    40.034] (II) modeset(0): 	360058c1100000180000000f00000000
[    40.034] (II) modeset(0): 	00000000000000000020000000fe0041
[    40.034] (II) modeset(0): 	554f0a202020202020202020000000fe
[    40.034] (II) modeset(0): 	004231353658573030342e37200a00d5
[    40.034] (II) modeset(0): Printing probed modes for output eDP-1
[    40.034] (II) modeset(0): Modeline "1366x768"x60.1   76.30  1366 1404 1426 1592  768 771 777 798 -hsync -vsync (47.9 kHz eP)
[    40.034] (II) modeset(0): Modeline "1280x720"x120.0  156.12  1280 1376 1512 1744  720 721 724 746 doublescan -hsync +vsync (89.5 kHz d)
[    40.034] (II) modeset(0): Modeline "1280x720"x120.0  120.75  1280 1304 1320 1360  720 721 724 740 doublescan +hsync -vsync (88.8 kHz d)
[    40.034] (II) modeset(0): Modeline "1280x720"x59.9   74.50  1280 1344 1472 1664  720 723 728 748 -hsync +vsync (44.8 kHz d)
[    40.034] (II) modeset(0): Modeline "1280x720"x59.7   63.75  1280 1328 1360 1440  720 723 728 741 +hsync -vsync (44.3 kHz d)
[    40.034] (II) modeset(0): Modeline "1024x768"x120.1  133.47  1024 1100 1212 1400  768 768 770 794 doublescan -hsync +vsync (95.3 kHz d)
[    40.034] (II) modeset(0): Modeline "1024x768"x60.0   65.00  1024 1048 1184 1344  768 771 777 806 -hsync -vsync (48.4 kHz d)
[    40.034] (II) modeset(0): Modeline "960x720"x120.0  117.00  960 1024 1128 1300  720 720 722 750 doublescan -hsync +vsync (90.0 kHz d)
[    40.034] (II) modeset(0): Modeline "928x696"x120.1  109.15  928 976 1088 1264  696 696 698 719 doublescan -hsync +vsync (86.4 kHz d)
[    40.034] (II) modeset(0): Modeline "896x672"x120.0  102.40  896 960 1060 1224  672 672 674 697 doublescan -hsync +vsync (83.7 kHz d)
[    40.034] (II) modeset(0): Modeline "1024x576"x119.9   98.50  1024 1092 1200 1376  576 577 580 597 doublescan -hsync +vsync (71.6 kHz d)
[    40.034] (II) modeset(0): Modeline "1024x576"x119.9   78.38  1024 1048 1064 1104  576 577 580 592 doublescan +hsync -vsync (71.0 kHz d)
[    40.034] (II) modeset(0): Modeline "1024x576"x59.9   46.50  1024 1064 1160 1296  576 579 584 599 -hsync +vsync (35.9 kHz d)
[    40.034] (II) modeset(0): Modeline "1024x576"x59.8   42.00  1024 1072 1104 1184  576 579 584 593 +hsync -vsync (35.5 kHz d)
[    40.034] (II) modeset(0): Modeline "960x600"x119.9   96.62  960 1028 1128 1296  600 601 604 622 doublescan -hsync +vsync (74.6 kHz d)
[    40.034] (II) modeset(0): Modeline "960x600"x120.0   77.00  960 984 1000 1040  600 601 604 617 doublescan +hsync -vsync (74.0 kHz d)
[    40.034] (II) modeset(0): Modeline "960x540"x119.9   86.50  960 1024 1124 1288  540 541 544 560 doublescan -hsync +vsync (67.2 kHz d)
[    40.034] (II) modeset(0): Modeline "960x540"x120.0   69.25  960 984 1000 1040  540 541 544 555 doublescan +hsync -vsync (66.6 kHz d)
[    40.034] (II) modeset(0): Modeline "960x540"x59.6   40.75  960 992 1088 1216  540 543 548 562 -hsync +vsync (33.5 kHz d)
[    40.034] (II) modeset(0): Modeline "960x540"x59.8   37.25  960 1008 1040 1120  540 543 548 556 +hsync -vsync (33.3 kHz d)
[    40.034] (II) modeset(0): Modeline "800x600"x120.0   81.00  800 832 928 1080  600 600 602 625 doublescan +hsync +vsync (75.0 kHz d)
[    40.034] (II) modeset(0): Modeline "800x600"x60.3   40.00  800 840 968 1056  600 601 605 628 +hsync +vsync (37.9 kHz d)
[    40.034] (II) modeset(0): Modeline "800x600"x56.2   36.00  800 824 896 1024  600 601 603 625 +hsync +vsync (35.2 kHz d)
[    40.034] (II) modeset(0): Modeline "840x525"x120.0   73.12  840 892 980 1120  525 526 529 544 doublescan -hsync +vsync (65.3 kHz d)
[    40.034] (II) modeset(0): Modeline "840x525"x119.8   59.50  840 864 880 920  525 526 529 540 doublescan +hsync -vsync (64.7 kHz d)
[    40.034] (II) modeset(0): Modeline "864x486"x59.9   32.50  864 888 968 1072  486 489 494 506 -hsync +vsync (30.3 kHz d)
[    40.034] (II) modeset(0): Modeline "864x486"x59.6   30.50  864 912 944 1024  486 489 494 500 +hsync -vsync (29.8 kHz d)
[    40.034] (II) modeset(0): Modeline "700x525"x120.0   61.00  700 744 820 940  525 526 532 541 doublescan +hsync +vsync (64.9 kHz d)
[    40.035] (II) modeset(0): Modeline "800x450"x119.9   59.12  800 848 928 1056  450 451 454 467 doublescan -hsync +vsync (56.0 kHz d)
[    40.035] (II) modeset(0): Modeline "800x450"x119.6   48.75  800 824 840 880  450 451 454 463 doublescan +hsync -vsync (55.4 kHz d)
[    40.035] (II) modeset(0): Modeline "640x512"x120.0   54.00  640 664 720 844  512 512 514 533 doublescan +hsync +vsync (64.0 kHz d)
[    40.035] (II) modeset(0): Modeline "700x450"x119.9   51.75  700 740 812 924  450 451 456 467 doublescan -hsync +vsync (56.0 kHz d)
[    40.035] (II) modeset(0): Modeline "700x450"x119.8   43.25  700 724 740 780  450 451 456 463 doublescan +hsync -vsync (55.4 kHz d)
[    40.035] (II) modeset(0): Modeline "640x480"x120.0   54.00  640 688 744 900  480 480 482 500 doublescan +hsync +vsync (60.0 kHz d)
[    40.035] (II) modeset(0): Modeline "640x480"x59.9   25.18  640 656 752 800  480 490 492 525 -hsync -vsync (31.5 kHz d)
[    40.035] (II) modeset(0): Modeline "720x405"x59.5   22.50  720 744 808 896  405 408 413 422 -hsync +vsync (25.1 kHz d)
[    40.035] (II) modeset(0): Modeline "720x405"x59.0   21.75  720 768 800 880  405 408 413 419 +hsync -vsync (24.7 kHz d)
[    40.035] (II) modeset(0): Modeline "684x384"x119.8   42.62  684 720 788 892  384 385 390 399 doublescan -hsync +vsync (47.8 kHz d)
[    40.035] (II) modeset(0): Modeline "684x384"x119.7   36.12  684 708 724 764  384 385 390 395 doublescan +hsync -vsync (47.3 kHz d)
[    40.035] (II) modeset(0): Modeline "640x400"x119.8   41.75  640 676 740 840  400 401 404 415 doublescan -hsync +vsync (49.7 kHz d)
[    40.035] (II) modeset(0): Modeline "640x400"x120.0   35.50  640 664 680 720  400 401 404 411 doublescan +hsync -vsync (49.3 kHz d)
[    40.035] (II) modeset(0): Modeline "640x360"x119.7   37.25  640 672 736 832  360 361 364 374 doublescan -hsync +vsync (44.8 kHz d)
[    40.035] (II) modeset(0): Modeline "640x360"x119.7   31.88  640 664 680 720  360 361 364 370 doublescan +hsync -vsync (44.3 kHz d)
[    40.035] (II) modeset(0): Modeline "640x360"x59.8   18.00  640 664 720 800  360 363 368 376 -hsync +vsync (22.5 kHz d)
[    40.035] (II) modeset(0): Modeline "640x360"x59.3   17.75  640 688 720 800  360 363 368 374 +hsync -vsync (22.2 kHz d)
[    40.035] (II) modeset(0): Modeline "512x384"x120.0   32.50  512 524 592 672  384 385 388 403 doublescan -hsync -vsync (48.4 kHz d)
[    40.035] (II) modeset(0): Modeline "512x288"x120.0   23.25  512 532 580 648  288 289 292 299 doublescan -hsync +vsync (35.9 kHz d)
[    40.035] (II) modeset(0): Modeline "512x288"x119.8   21.00  512 536 552 592  288 289 292 296 doublescan +hsync -vsync (35.5 kHz d)
[    40.035] (II) modeset(0): Modeline "480x270"x119.3   20.38  480 496 544 608  270 271 274 281 doublescan -hsync +vsync (33.5 kHz d)
[    40.035] (II) modeset(0): Modeline "480x270"x119.6   18.62  480 504 520 560  270 271 274 278 doublescan +hsync -vsync (33.3 kHz d)
[    40.035] (II) modeset(0): Modeline "400x300"x120.6   20.00  400 420 484 528  300 300 302 314 doublescan +hsync +vsync (37.9 kHz d)
[    40.035] (II) modeset(0): Modeline "400x300"x112.7   18.00  400 412 448 512  300 300 301 312 doublescan +hsync +vsync (35.2 kHz d)
[    40.035] (II) modeset(0): Modeline "432x243"x119.8   16.25  432 444 484 536  243 244 247 253 doublescan -hsync +vsync (30.3 kHz d)
[    40.035] (II) modeset(0): Modeline "432x243"x119.1   15.25  432 456 472 512  243 244 247 250 doublescan +hsync -vsync (29.8 kHz d)
[    40.035] (II) modeset(0): Modeline "320x240"x120.1   12.59  320 328 376 400  240 245 246 262 doublescan -hsync -vsync (31.5 kHz d)
[    40.035] (II) modeset(0): Modeline "360x202"x119.0   11.25  360 372 404 448  202 204 206 211 doublescan -hsync +vsync (25.1 kHz d)
[    40.035] (II) modeset(0): Modeline "360x202"x118.3   10.88  360 384 400 440  202 204 206 209 doublescan +hsync -vsync (24.7 kHz d)
[    40.035] (II) modeset(0): Modeline "320x180"x119.7    9.00  320 332 360 400  180 181 184 188 doublescan -hsync +vsync (22.5 kHz d)
[    40.035] (II) modeset(0): Modeline "320x180"x118.6    8.88  320 344 360 400  180 181 184 187 doublescan +hsync -vsync (22.2 kHz d)
[    40.061] (II) modeset(0): EDID for output HDMI-1
[    40.061] (II) modeset(0): Manufacturer: BNQ  Model: 78a7  Serial#: 21573
[    40.061] (II) modeset(0): Year: 2016  Week: 52
[    40.062] (II) modeset(0): EDID Version: 1.3
[    40.062] (II) modeset(0): Digital Display Input
[    40.062] (II) modeset(0): Max Image Size [cm]: horiz.: 53  vert.: 30
[    40.062] (II) modeset(0): Gamma: 2.20
[    40.062] (II) modeset(0): DPMS capabilities: Off
[    40.062] (II) modeset(0): Supported color encodings: RGB 4:4:4 YCrCb 4:4:4 
[    40.062] (II) modeset(0): Default color space is primary color space
[    40.062] (II) modeset(0): First detailed timing is preferred mode
[    40.062] (II) modeset(0): redX: 0.631 redY: 0.351   greenX: 0.334 greenY: 0.615
[    40.062] (II) modeset(0): blueX: 0.157 blueY: 0.051   whiteX: 0.313 whiteY: 0.329
[    40.062] (II) modeset(0): Supported established timings:
[    40.062] (II) modeset(0): 720x400@70Hz
[    40.062] (II) modeset(0): 640x480@60Hz
[    40.062] (II) modeset(0): 640x480@75Hz
[    40.062] (II) modeset(0): 800x600@60Hz
[    40.062] (II) modeset(0): 800x600@75Hz
[    40.062] (II) modeset(0): 832x624@75Hz
[    40.062] (II) modeset(0): 1024x768@60Hz
[    40.062] (II) modeset(0): 1024x768@75Hz
[    40.062] (II) modeset(0): 1280x1024@75Hz
[    40.062] (II) modeset(0): 1152x864@75Hz
[    40.062] (II) modeset(0): Manufacturer's mask: 0
[    40.062] (II) modeset(0): Supported standard timings:
[    40.062] (II) modeset(0): #0: hsize: 1280  vsize 800  refresh: 60  vid: 129
[    40.062] (II) modeset(0): #1: hsize: 1280  vsize 720  refresh: 60  vid: 49281
[    40.062] (II) modeset(0): #2: hsize: 1280  vsize 1024  refresh: 60  vid: 32897
[    40.062] (II) modeset(0): #3: hsize: 1600  vsize 900  refresh: 60  vid: 49321
[    40.062] (II) modeset(0): #4: hsize: 1680  vsize 1050  refresh: 60  vid: 179
[    40.062] (II) modeset(0): #5: hsize: 1920  vsize 1080  refresh: 60  vid: 49361
[    40.062] (II) modeset(0): Supported detailed timing:
[    40.062] (II) modeset(0): clock: 148.5 MHz   Image Size:  531 x 298 mm
[    40.062] (II) modeset(0): h_active: 1920  h_sync: 2008  h_sync_end 2052 h_blank_end 2200 h_border: 0
[    40.062] (II) modeset(0): v_active: 1080  v_sync: 1084  v_sync_end 1089 v_blanking: 1125 v_border: 0
[    40.062] (II) modeset(0): Serial No: TCG10255019
[    40.062] (II) modeset(0): Ranges: V min: 50 V max: 76 Hz, H min: 30 H max: 83 kHz, PixClock max 175 MHz
[    40.062] (II) modeset(0): Monitor name: BenQ GL2450H
[    40.062] (II) modeset(0): Supported detailed timing:
[    40.062] (II) modeset(0): clock: 148.5 MHz   Image Size:  531 x 298 mm
[    40.062] (II) modeset(0): h_active: 1920  h_sync: 2008  h_sync_end 2052 h_blank_end 2200 h_border: 0
[    40.062] (II) modeset(0): v_active: 1080  v_sync: 1084  v_sync_end 1089 v_blanking: 1125 v_border: 0
[    40.062] (II) modeset(0): Supported detailed timing:
[    40.062] (II) modeset(0): clock: 74.2 MHz   Image Size:  531 x 298 mm
[    40.062] (II) modeset(0): h_active: 1920  h_sync: 2008  h_sync_end 2052 h_blank_end 2200 h_border: 0
[    40.062] (II) modeset(0): v_active: 540  v_sync: 542  v_sync_end 547 v_blanking: 562 v_border: 0
[    40.062] (II) modeset(0): Supported detailed timing:
[    40.062] (II) modeset(0): clock: 74.2 MHz   Image Size:  531 x 298 mm
[    40.062] (II) modeset(0): h_active: 1280  h_sync: 1390  h_sync_end 1430 h_blank_end 1650 h_border: 0
[    40.062] (II) modeset(0): v_active: 720  v_sync: 725  v_sync_end 730 v_blanking: 750 v_border: 0
[    40.062] (II) modeset(0): Supported detailed timing:
[    40.062] (II) modeset(0): clock: 27.0 MHz   Image Size:  531 x 298 mm
[    40.062] (II) modeset(0): h_active: 720  h_sync: 736  h_sync_end 798 h_blank_end 858 h_border: 0
[    40.062] (II) modeset(0): v_active: 480  v_sync: 489  v_sync_end 495 v_blanking: 525 v_border: 0
[    40.062] (II) modeset(0): Number of EDID sections to follow: 1
[    40.062] (II) modeset(0): EDID (in hex):
[    40.062] (II) modeset(0): 	00ffffffffffff0009d1a77845540000
[    40.062] (II) modeset(0): 	341a010380351e782eba45a159559d28
[    40.062] (II) modeset(0): 	0d5054a56b80810081c08180a9c0b300
[    40.062] (II) modeset(0): 	d1c001010101023a801871382d40582c
[    40.062] (II) modeset(0): 	4500132a2100001e000000ff00544347
[    40.062] (II) modeset(0): 	31303235353031390a20000000fd0032
[    40.062] (II) modeset(0): 	4c1e5311000a202020202020000000fc
[    40.062] (II) modeset(0): 	0042656e5120474c32343530480a011a
[    40.062] (II) modeset(0): 	020322f14f9005040302011112131406
[    40.062] (II) modeset(0): 	0715161f2309070765030c0010008301
[    40.062] (II) modeset(0): 	0000023a801871382d40582c4500132a
[    40.062] (II) modeset(0): 	2100001f011d8018711c1620582c2500
[    40.062] (II) modeset(0): 	132a2100009f011d007251d01e206e28
[    40.062] (II) modeset(0): 	5500132a2100001e8c0ad08a20e02d10
[    40.062] (II) modeset(0): 	103e9600132a21000018000000000000
[    40.062] (II) modeset(0): 	000000000000000000000000000000eb
[    40.063] (II) modeset(0): Printing probed modes for output HDMI-1
[    40.063] (II) modeset(0): Modeline "1920x1080"x60.0  148.50  1920 2008 2052 2200  1080 1084 1089 1125 +hsync +vsync (67.5 kHz eP)
[    40.063] (II) modeset(0): Modeline "1920x1080"x60.0  148.50  1920 2008 2052 2200  1080 1084 1089 1125 +hsync +vsync (67.5 kHz e)
[    40.063] (II) modeset(0): Modeline "1920x1080"x50.0  148.50  1920 2448 2492 2640  1080 1084 1089 1125 +hsync +vsync (56.2 kHz e)
[    40.063] (II) modeset(0): Modeline "1920x1080"x59.9  148.35  1920 2008 2052 2200  1080 1084 1089 1125 +hsync +vsync (67.4 kHz e)
[    40.063] (II) modeset(0): Modeline "1920x1080i"x60.0   74.25  1920 2008 2052 2200  1080 1084 1094 1125 interlace +hsync +vsync (33.8 kHz e)
[    40.063] (II) modeset(0): Modeline "1920x1080i"x60.0   74.25  1920 2008 2052 2200  1080 1084 1094 1125 interlace +hsync +vsync (33.8 kHz e)
[    40.063] (II) modeset(0): Modeline "1920x1080i"x50.0   74.25  1920 2448 2492 2640  1080 1084 1094 1125 interlace +hsync +vsync (28.1 kHz e)
[    40.063] (II) modeset(0): Modeline "1920x1080i"x59.9   74.18  1920 2008 2052 2200  1080 1084 1094 1125 interlace +hsync +vsync (33.7 kHz e)
[    40.063] (II) modeset(0): Modeline "1680x1050"x59.9  119.00  1680 1728 1760 1840  1050 1053 1059 1080 +hsync -vsync (64.7 kHz e)
[    40.063] (II) modeset(0): Modeline "1600x900"x60.0  108.00  1600 1624 1704 1800  900 901 904 1000 +hsync +vsync (60.0 kHz e)
[    40.063] (II) modeset(0): Modeline "1280x1024"x75.0  135.00  1280 1296 1440 1688  1024 1025 1028 1066 +hsync +vsync (80.0 kHz e)
[    40.063] (II) modeset(0): Modeline "1280x1024"x60.0  108.00  1280 1328 1440 1688  1024 1025 1028 1066 +hsync +vsync (64.0 kHz e)
[    40.063] (II) modeset(0): Modeline "1280x800"x59.9   71.00  1280 1328 1360 1440  800 803 809 823 +hsync -vsync (49.3 kHz e)
[    40.063] (II) modeset(0): Modeline "1152x864"x75.0  108.00  1152 1216 1344 1600  864 865 868 900 +hsync +vsync (67.5 kHz e)
[    40.063] (II) modeset(0): Modeline "1280x720"x60.0   74.25  1280 1390 1430 1650  720 725 730 750 +hsync +vsync (45.0 kHz e)
[    40.063] (II) modeset(0): Modeline "1280x720"x60.0   74.25  1280 1390 1430 1650  720 725 730 750 +hsync +vsync (45.0 kHz e)
[    40.063] (II) modeset(0): Modeline "1280x720"x50.0   74.25  1280 1720 1760 1980  720 725 730 750 +hsync +vsync (37.5 kHz e)
[    40.063] (II) modeset(0): Modeline "1280x720"x59.9   74.18  1280 1390 1430 1650  720 725 730 750 +hsync +vsync (45.0 kHz e)
[    40.063] (II) modeset(0): Modeline "1024x768"x75.0   78.75  1024 1040 1136 1312  768 769 772 800 +hsync +vsync (60.0 kHz e)
[    40.063] (II) modeset(0): Modeline "1024x768"x60.0   65.00  1024 1048 1184 1344  768 771 777 806 -hsync -vsync (48.4 kHz e)
[    40.063] (II) modeset(0): Modeline "832x624"x74.6   57.28  832 864 928 1152  624 625 628 667 -hsync -vsync (49.7 kHz e)
[    40.063] (II) modeset(0): Modeline "800x600"x75.0   49.50  800 816 896 1056  600 601 604 625 +hsync +vsync (46.9 kHz e)
[    40.063] (II) modeset(0): Modeline "800x600"x60.3   40.00  800 840 968 1056  600 601 605 628 +hsync +vsync (37.9 kHz e)
[    40.063] (II) modeset(0): Modeline "720x576"x50.0   27.00  720 732 796 864  576 581 586 625 -hsync -vsync (31.2 kHz e)
[    40.063] (II) modeset(0): Modeline "720x576"x50.0   27.00  720 732 796 864  576 581 586 625 -hsync -vsync (31.2 kHz e)
[    40.063] (II) modeset(0): Modeline "720x576i"x50.0   13.50  720 732 795 864  576 580 586 625 interlace -hsync -vsync (15.6 kHz e)
[    40.063] (II) modeset(0): Modeline "720x576i"x50.0   13.50  720 732 795 864  576 580 586 625 interlace -hsync -vsync (15.6 kHz e)
[    40.063] (II) modeset(0): Modeline "720x480"x60.0   27.03  720 736 798 858  480 489 495 525 -hsync -vsync (31.5 kHz e)
[    40.063] (II) modeset(0): Modeline "720x480"x60.0   27.03  720 736 798 858  480 489 495 525 -hsync -vsync (31.5 kHz e)
[    40.063] (II) modeset(0): Modeline "720x480"x59.9   27.00  720 736 798 858  480 489 495 525 -hsync -vsync (31.5 kHz e)
[    40.063] (II) modeset(0): Modeline "720x480"x59.9   27.00  720 736 798 858  480 489 495 525 -hsync -vsync (31.5 kHz e)
[    40.063] (II) modeset(0): Modeline "720x480"x59.9   27.00  720 736 798 858  480 489 495 525 -hsync -vsync (31.5 kHz e)
[    40.063] (II) modeset(0): Modeline "720x480i"x60.0   13.51  720 739 801 858  480 488 494 525 interlace -hsync -vsync (15.8 kHz e)
[    40.063] (II) modeset(0): Modeline "720x480i"x60.0   13.51  720 739 801 858  480 488 494 525 interlace -hsync -vsync (15.8 kHz e)
[    40.063] (II) modeset(0): Modeline "720x480i"x59.9   13.50  720 739 801 858  480 488 494 525 interlace -hsync -vsync (15.7 kHz e)
[    40.063] (II) modeset(0): Modeline "720x480i"x59.9   13.50  720 739 801 858  480 488 494 525 interlace -hsync -vsync (15.7 kHz e)
[    40.063] (II) modeset(0): Modeline "640x480"x75.0   31.50  640 656 720 840  480 481 484 500 -hsync -vsync (37.5 kHz e)
[    40.063] (II) modeset(0): Modeline "640x480"x60.0   25.20  640 656 752 800  480 490 492 525 -hsync -vsync (31.5 kHz e)
[    40.063] (II) modeset(0): Modeline "640x480"x59.9   25.18  640 656 752 800  480 490 492 525 -hsync -vsync (31.5 kHz e)
[    40.063] (II) modeset(0): Modeline "640x480"x59.9   25.18  640 656 752 800  480 490 492 525 -hsync -vsync (31.5 kHz e)
[    40.063] (II) modeset(0): Modeline "720x400"x70.1   28.32  720 738 846 900  400 412 414 449 -hsync +vsync (31.5 kHz e)
[    40.063] (II) modeset(0): EDID for output DP-1
[    40.065] (II) modeset(0): EDID for output HDMI-2
[    40.065] (II) modeset(0): Output eDP-1 connected
[    40.065] (II) modeset(0): Output HDMI-1 connected
[    40.065] (II) modeset(0): Output DP-1 disconnected
[    40.065] (II) modeset(0): Output HDMI-2 disconnected
[    40.065] (II) modeset(0): Using spanning desktop for initial modes
[    40.065] (II) modeset(0): Output eDP-1 using initial mode 1366x768 +0+0
[    40.065] (II) modeset(0): Output HDMI-1 using initial mode 1920x1080 +1366+0
[    40.065] (==) modeset(0): Using gamma correction (1.0, 1.0, 1.0)
[    40.065] (==) modeset(0): DPI set to (96, 96)
[    40.065] (II) Loading sub module "fb"
[    40.065] (II) LoadModule: "fb"
[    40.065] (II) Loading /usr/lib/xorg/modules/libfb.so
[    40.098] (II) Module fb: vendor="X.Org Foundation"
[    40.098] 	compiled for 1.20.3, module version = 1.0.0
[    40.098] 	ABI class: X.Org ANSI C Emulation, version 0.4
[    40.098] (II) UnloadModule: "intel"
[    40.098] (II) Unloading intel
[    40.386] (==) modeset(0): Backing store enabled
[    40.386] (==) modeset(0): Silken mouse disabled
[    40.522] (II) modeset(0): Initializing kms color map for depth 24, 8 bpc.
[    40.523] (==) modeset(0): DPMS enabled
[    40.524] (II) modeset(0): [DRI2] Setup complete
[    40.524] (II) modeset(0): [DRI2]   DRI driver: i965
[    40.524] (II) modeset(0): [DRI2]   VDPAU driver: i965
[    40.524] (II) Initializing extension Generic Event Extension
[    40.524] (II) Initializing extension SHAPE
[    40.524] (II) Initializing extension MIT-SHM
[    40.524] (II) Initializing extension XInputExtension
[    40.524] (II) Initializing extension XTEST
[    40.524] (II) Initializing extension BIG-REQUESTS
[    40.524] (II) Initializing extension SYNC
[    40.524] (II) Initializing extension XKEYBOARD
[    40.524] (II) Initializing extension XC-MISC
[    40.524] (II) Initializing extension SECURITY
[    40.524] (II) Initializing extension XFIXES
[    40.524] (II) Initializing extension RENDER
[    40.524] (II) Initializing extension RANDR
[    40.524] (II) Initializing extension COMPOSITE
[    40.524] (II) Initializing extension DAMAGE
[    40.524] (II) Initializing extension MIT-SCREEN-SAVER
[    40.524] (II) Initializing extension DOUBLE-BUFFER
[    40.524] (II) Initializing extension RECORD
[    40.524] (II) Initializing extension DPMS
[    40.524] (II) Initializing extension Present
[    40.524] (II) Initializing extension DRI3
[    40.524] (II) Initializing extension X-Resource
[    40.524] (II) Initializing extension XVideo
[    40.524] (II) Initializing extension XVideo-MotionCompensation
[    40.524] (II) Initializing extension GLX
[    40.538] (II) AIGLX: Loaded and initialized i965
[    40.538] (II) GLX: Initialized DRI2 GL provider for screen 0
[    40.538] (II) Initializing extension XFree86-VidModeExtension
[    40.538] (II) Initializing extension XFree86-DGA
[    40.538] (II) Initializing extension XFree86-DRI
[    40.538] (II) Initializing extension DRI2
[    40.632] (II) modeset(0): Damage tracking initialized
[    40.632] (II) modeset(0): Setting screen physical size to 869 x 285
[    41.280] (II) config/udev: Adding input device Power Button (/dev/input/event3)
[    41.280] (**) Power Button: Applying InputClass "libinput keyboard catchall"
[    41.280] (**) Power Button: Applying InputClass "system-keyboard"
[    41.280] (**) Power Button: Applying InputClass "keyboard"
[    41.280] (II) LoadModule: "libinput"
[    41.280] (II) Loading /usr/lib/xorg/modules/input/libinput_drv.so
[    41.302] (II) Module libinput: vendor="X.Org Foundation"
[    41.302] 	compiled for 1.20.1, module version = 0.28.1
[    41.302] 	Module class: X.Org XInput Driver
[    41.302] 	ABI class: X.Org XInput driver, version 24.1
[    41.302] (II) Using input driver 'libinput' for 'Power Button'
[    41.303] (II) systemd-logind: got fd for /dev/input/event3 13:67 fd 14 paused 0
[    41.303] (**) Power Button: always reports core events
[    41.303] (**) Option "Device" "/dev/input/event3"
[    41.303] (**) Option "_source" "server/udev"
[    41.324] (II) event3  - Power Button: is tagged by udev as: Keyboard
[    41.324] (II) event3  - Power Button: device is a keyboard
[    41.324] (II) event3  - Power Button: device removed
[    41.324] (**) Option "config_info" "udev:/sys/devices/LNXSYSTM:00/LNXPWRBN:00/input/input3/event3"
[    41.324] (II) XINPUT: Adding extended input device "Power Button" (type: KEYBOARD, id 6)
[    41.324] (**) Option "xkb_model" "pc105"
[    41.324] (**) Option "xkb_layout" "de"
[    41.324] (**) Option "xkb_variant" "nodeadkeys"
[    41.347] (II) event3  - Power Button: is tagged by udev as: Keyboard
[    41.347] (II) event3  - Power Button: device is a keyboard
[    41.348] (II) config/udev: Adding input device Video Bus (/dev/input/event10)
[    41.348] (**) Video Bus: Applying InputClass "libinput keyboard catchall"
[    41.348] (**) Video Bus: Applying InputClass "system-keyboard"
[    41.348] (**) Video Bus: Applying InputClass "keyboard"
[    41.348] (II) Using input driver 'libinput' for 'Video Bus'
[    41.348] (II) systemd-logind: got fd for /dev/input/event10 13:74 fd 17 paused 0
[    41.348] (**) Video Bus: always reports core events
[    41.348] (**) Option "Device" "/dev/input/event10"
[    41.348] (**) Option "_source" "server/udev"
[    41.349] (II) event10 - Video Bus: is tagged by udev as: Keyboard
[    41.349] (II) event10 - Video Bus: device is a keyboard
[    41.349] (II) event10 - Video Bus: device removed
[    41.349] (**) Option "config_info" "udev:/sys/devices/LNXSYSTM:00/LNXSYBUS:00/PNP0A08:00/LNXVIDEO:01/input/input11/event10"
[    41.349] (II) XINPUT: Adding extended input device "Video Bus" (type: KEYBOARD, id 7)
[    41.349] (**) Option "xkb_model" "pc105"
[    41.349] (**) Option "xkb_layout" "de"
[    41.349] (**) Option "xkb_variant" "nodeadkeys"
[    41.350] (II) event10 - Video Bus: is tagged by udev as: Keyboard
[    41.350] (II) event10 - Video Bus: device is a keyboard
[    41.350] (II) config/udev: Adding input device Video Bus (/dev/input/event9)
[    41.350] (**) Video Bus: Applying InputClass "libinput keyboard catchall"
[    41.350] (**) Video Bus: Applying InputClass "system-keyboard"
[    41.350] (**) Video Bus: Applying InputClass "keyboard"
[    41.350] (II) Using input driver 'libinput' for 'Video Bus'
[    41.351] (II) systemd-logind: got fd for /dev/input/event9 13:73 fd 18 paused 0
[    41.351] (**) Video Bus: always reports core events
[    41.351] (**) Option "Device" "/dev/input/event9"
[    41.351] (**) Option "_source" "server/udev"
[    41.352] (II) event9  - Video Bus: is tagged by udev as: Keyboard
[    41.352] (II) event9  - Video Bus: device is a keyboard
[    41.352] (II) event9  - Video Bus: device removed
[    41.352] (**) Option "config_info" "udev:/sys/devices/LNXSYSTM:00/LNXSYBUS:00/PNP0A08:00/device:31/LNXVIDEO:00/input/input10/event9"
[    41.352] (II) XINPUT: Adding extended input device "Video Bus" (type: KEYBOARD, id 8)
[    41.352] (**) Option "xkb_model" "pc105"
[    41.352] (**) Option "xkb_layout" "de"
[    41.352] (**) Option "xkb_variant" "nodeadkeys"
[    41.352] (II) event9  - Video Bus: is tagged by udev as: Keyboard
[    41.352] (II) event9  - Video Bus: device is a keyboard
[    41.353] (II) config/udev: Adding input device Power Button (/dev/input/event0)
[    41.353] (**) Power Button: Applying InputClass "libinput keyboard catchall"
[    41.353] (**) Power Button: Applying InputClass "system-keyboard"
[    41.353] (**) Power Button: Applying InputClass "keyboard"
[    41.353] (II) Using input driver 'libinput' for 'Power Button'
[    41.353] (II) systemd-logind: got fd for /dev/input/event0 13:64 fd 19 paused 0
[    41.354] (**) Power Button: always reports core events
[    41.354] (**) Option "Device" "/dev/input/event0"
[    41.354] (**) Option "_source" "server/udev"
[    41.354] (II) event0  - Power Button: is tagged by udev as: Keyboard
[    41.354] (II) event0  - Power Button: device is a keyboard
[    41.354] (II) event0  - Power Button: device removed
[    41.354] (**) Option "config_info" "udev:/sys/devices/LNXSYSTM:00/LNXSYBUS:00/PNP0C0C:00/input/input0/event0"
[    41.354] (II) XINPUT: Adding extended input device "Power Button" (type: KEYBOARD, id 9)
[    41.354] (**) Option "xkb_model" "pc105"
[    41.354] (**) Option "xkb_layout" "de"
[    41.354] (**) Option "xkb_variant" "nodeadkeys"
[    41.355] (II) event0  - Power Button: is tagged by udev as: Keyboard
[    41.355] (II) event0  - Power Button: device is a keyboard
[    41.355] (II) config/udev: Adding input device Lid Switch (/dev/input/event2)
[    41.355] (II) No input driver specified, ignoring this device.
[    41.355] (II) This device may have been added with another device file.
[    41.355] (II) config/udev: Adding input device Sleep Button (/dev/input/event1)
[    41.355] (**) Sleep Button: Applying InputClass "libinput keyboard catchall"
[    41.355] (**) Sleep Button: Applying InputClass "system-keyboard"
[    41.355] (**) Sleep Button: Applying InputClass "keyboard"
[    41.355] (II) Using input driver 'libinput' for 'Sleep Button'
[    41.356] (II) systemd-logind: got fd for /dev/input/event1 13:65 fd 20 paused 0
[    41.356] (**) Sleep Button: always reports core events
[    41.356] (**) Option "Device" "/dev/input/event1"
[    41.356] (**) Option "_source" "server/udev"
[    41.357] (II) event1  - Sleep Button: is tagged by udev as: Keyboard
[    41.357] (II) event1  - Sleep Button: device is a keyboard
[    41.357] (II) event1  - Sleep Button: device removed
[    41.357] (**) Option "config_info" "udev:/sys/devices/LNXSYSTM:00/LNXSYBUS:00/PNP0C0E:00/input/input1/event1"
[    41.357] (II) XINPUT: Adding extended input device "Sleep Button" (type: KEYBOARD, id 10)
[    41.357] (**) Option "xkb_model" "pc105"
[    41.357] (**) Option "xkb_layout" "de"
[    41.357] (**) Option "xkb_variant" "nodeadkeys"
[    41.357] (II) event1  - Sleep Button: is tagged by udev as: Keyboard
[    41.357] (II) event1  - Sleep Button: device is a keyboard
[    41.358] (II) config/udev: Adding input device HDA Intel HDMI HDMI/DP,pcm=3 (/dev/input/event16)
[    41.358] (II) No input driver specified, ignoring this device.
[    41.358] (II) This device may have been added with another device file.
[    41.358] (II) config/udev: Adding input device HDA Intel HDMI HDMI/DP,pcm=7 (/dev/input/event17)
[    41.358] (II) No input driver specified, ignoring this device.
[    41.358] (II) This device may have been added with another device file.
[    41.358] (II) config/udev: Adding input device HDA Intel HDMI HDMI/DP,pcm=8 (/dev/input/event18)
[    41.358] (II) No input driver specified, ignoring this device.
[    41.358] (II) This device may have been added with another device file.
[    41.359] (II) config/udev: Adding input device HDA Intel HDMI HDMI/DP,pcm=9 (/dev/input/event19)
[    41.359] (II) No input driver specified, ignoring this device.
[    41.359] (II) This device may have been added with another device file.
[    41.359] (II) config/udev: Adding input device HDA Intel HDMI HDMI/DP,pcm=10 (/dev/input/event20)
[    41.359] (II) No input driver specified, ignoring this device.
[    41.359] (II) This device may have been added with another device file.
[    41.359] (II) config/udev: Adding input device UVC Camera (046d:0825) (/dev/input/event21)
[    41.359] (**) UVC Camera (046d:0825): Applying InputClass "libinput keyboard catchall"
[    41.359] (**) UVC Camera (046d:0825): Applying InputClass "system-keyboard"
[    41.359] (**) UVC Camera (046d:0825): Applying InputClass "keyboard"
[    41.359] (II) Using input driver 'libinput' for 'UVC Camera (046d:0825)'
[    41.360] (II) systemd-logind: got fd for /dev/input/event21 13:85 fd 21 paused 0
[    41.360] (**) UVC Camera (046d:0825): always reports core events
[    41.360] (**) Option "Device" "/dev/input/event21"
[    41.360] (**) Option "_source" "server/udev"
[    41.361] (II) event21 - UVC Camera (046d:0825): is tagged by udev as: Keyboard
[    41.361] (II) event21 - UVC Camera (046d:0825): device is a keyboard
[    41.361] (II) event21 - UVC Camera (046d:0825): device removed
[    41.361] (**) Option "config_info" "udev:/sys/devices/pci0000:00/0000:00:14.0/usb2/2-2/2-2:1.0/input/input26/event21"
[    41.361] (II) XINPUT: Adding extended input device "UVC Camera (046d:0825)" (type: KEYBOARD, id 11)
[    41.361] (**) Option "xkb_model" "pc105"
[    41.361] (**) Option "xkb_layout" "de"
[    41.361] (**) Option "xkb_variant" "nodeadkeys"
[    41.362] (II) event21 - UVC Camera (046d:0825): is tagged by udev as: Keyboard
[    41.362] (II) event21 - UVC Camera (046d:0825): device is a keyboard
[    41.362] (II) config/udev: Adding input device HD WebCam: HD WebCam (/dev/input/event22)
[    41.362] (**) HD WebCam: HD WebCam: Applying InputClass "libinput keyboard catchall"
[    41.362] (**) HD WebCam: HD WebCam: Applying InputClass "system-keyboard"
[    41.362] (**) HD WebCam: HD WebCam: Applying InputClass "keyboard"
[    41.362] (II) Using input driver 'libinput' for 'HD WebCam: HD WebCam'
[    41.363] (II) systemd-logind: got fd for /dev/input/event22 13:86 fd 22 paused 0
[    41.363] (**) HD WebCam: HD WebCam: always reports core events
[    41.363] (**) Option "Device" "/dev/input/event22"
[    41.363] (**) Option "_source" "server/udev"
[    41.364] (II) event22 - HD WebCam: HD WebCam: is tagged by udev as: Keyboard
[    41.364] (II) event22 - HD WebCam: HD WebCam: device is a keyboard
[    41.364] (II) event22 - HD WebCam: HD WebCam: device removed
[    41.364] (**) Option "config_info" "udev:/sys/devices/pci0000:00/0000:00:14.0/usb2/2-3/2-3:1.0/input/input27/event22"
[    41.364] (II) XINPUT: Adding extended input device "HD WebCam: HD WebCam" (type: KEYBOARD, id 12)
[    41.364] (**) Option "xkb_model" "pc105"
[    41.364] (**) Option "xkb_layout" "de"
[    41.364] (**) Option "xkb_variant" "nodeadkeys"
[    41.365] (II) event22 - HD WebCam: HD WebCam: is tagged by udev as: Keyboard
[    41.365] (II) event22 - HD WebCam: HD WebCam: device is a keyboard
[    41.365] (II) config/udev: Adding input device Logitech USB Keyboard (/dev/input/event12)
[    41.365] (**) Logitech USB Keyboard: Applying InputClass "libinput keyboard catchall"
[    41.365] (**) Logitech USB Keyboard: Applying InputClass "system-keyboard"
[    41.365] (**) Logitech USB Keyboard: Applying InputClass "keyboard"
[    41.365] (II) Using input driver 'libinput' for 'Logitech USB Keyboard'
[    41.366] (II) systemd-logind: got fd for /dev/input/event12 13:76 fd 23 paused 0
[    41.366] (**) Logitech USB Keyboard: always reports core events
[    41.366] (**) Option "Device" "/dev/input/event12"
[    41.366] (**) Option "_source" "server/udev"
[    41.367] (II) event12 - Logitech USB Keyboard: is tagged by udev as: Keyboard
[    41.367] (II) event12 - Logitech USB Keyboard: device is a keyboard
[    41.367] (II) event12 - Logitech USB Keyboard: device removed
[    41.367] (**) Option "config_info" "udev:/sys/devices/pci0000:00/0000:00:14.0/usb2/2-5/2-5.3/2-5.3:1.0/0003:046D:C328.0002/input/input13/event12"
[    41.367] (II) XINPUT: Adding extended input device "Logitech USB Keyboard" (type: KEYBOARD, id 13)
[    41.367] (**) Option "xkb_model" "pc105"
[    41.367] (**) Option "xkb_layout" "de"
[    41.367] (**) Option "xkb_variant" "nodeadkeys"
[    41.368] (II) event12 - Logitech USB Keyboard: is tagged by udev as: Keyboard
[    41.368] (II) event12 - Logitech USB Keyboard: device is a keyboard
[    41.369] (II) config/udev: Adding input device Logitech USB Keyboard Consumer Control (/dev/input/event13)
[    41.369] (**) Logitech USB Keyboard Consumer Control: Applying InputClass "libinput keyboard catchall"
[    41.369] (**) Logitech USB Keyboard Consumer Control: Applying InputClass "system-keyboard"
[    41.369] (**) Logitech USB Keyboard Consumer Control: Applying InputClass "keyboard"
[    41.369] (II) Using input driver 'libinput' for 'Logitech USB Keyboard Consumer Control'
[    41.369] (II) systemd-logind: got fd for /dev/input/event13 13:77 fd 24 paused 0
[    41.369] (**) Logitech USB Keyboard Consumer Control: always reports core events
[    41.370] (**) Option "Device" "/dev/input/event13"
[    41.370] (**) Option "_source" "server/udev"
[    41.371] (II) event13 - Logitech USB Keyboard Consumer Control: is tagged by udev as: Keyboard
[    41.371] (II) event13 - Logitech USB Keyboard Consumer Control: device is a keyboard
[    41.371] (II) event13 - Logitech USB Keyboard Consumer Control: device removed
[    41.371] (II) libinput: Logitech USB Keyboard Consumer Control: needs a virtual subdevice
[    41.371] (**) Option "config_info" "udev:/sys/devices/pci0000:00/0000:00:14.0/usb2/2-5/2-5.3/2-5.3:1.1/0003:046D:C328.0003/input/input14/event13"
[    41.371] (II) XINPUT: Adding extended input device "Logitech USB Keyboard Consumer Control" (type: MOUSE, id 14)
[    41.371] (**) Option "AccelerationScheme" "none"
[    41.371] (**) Logitech USB Keyboard Consumer Control: (accel) selected scheme none/0
[    41.371] (**) Logitech USB Keyboard Consumer Control: (accel) acceleration factor: 2.000
[    41.371] (**) Logitech USB Keyboard Consumer Control: (accel) acceleration threshold: 4
[    41.372] (II) event13 - Logitech USB Keyboard Consumer Control: is tagged by udev as: Keyboard
[    41.372] (II) event13 - Logitech USB Keyboard Consumer Control: device is a keyboard
[    41.373] (II) config/udev: Adding input device Logitech USB Keyboard System Control (/dev/input/event14)
[    41.373] (**) Logitech USB Keyboard System Control: Applying InputClass "libinput keyboard catchall"
[    41.373] (**) Logitech USB Keyboard System Control: Applying InputClass "system-keyboard"
[    41.373] (**) Logitech USB Keyboard System Control: Applying InputClass "keyboard"
[    41.373] (II) Using input driver 'libinput' for 'Logitech USB Keyboard System Control'
[    41.373] (II) systemd-logind: got fd for /dev/input/event14 13:78 fd 25 paused 0
[    41.373] (**) Logitech USB Keyboard System Control: always reports core events
[    41.373] (**) Option "Device" "/dev/input/event14"
[    41.373] (**) Option "_source" "server/udev"
[    41.374] (II) event14 - Logitech USB Keyboard System Control: is tagged by udev as: Keyboard
[    41.374] (II) event14 - Logitech USB Keyboard System Control: device is a keyboard
[    41.374] (II) event14 - Logitech USB Keyboard System Control: device removed
[    41.374] (**) Option "config_info" "udev:/sys/devices/pci0000:00/0000:00:14.0/usb2/2-5/2-5.3/2-5.3:1.1/0003:046D:C328.0003/input/input15/event14"
[    41.374] (II) XINPUT: Adding extended input device "Logitech USB Keyboard System Control" (type: KEYBOARD, id 15)
[    41.374] (**) Option "xkb_model" "pc105"
[    41.374] (**) Option "xkb_layout" "de"
[    41.374] (**) Option "xkb_variant" "nodeadkeys"
[    41.375] (II) event14 - Logitech USB Keyboard System Control: is tagged by udev as: Keyboard
[    41.375] (II) event14 - Logitech USB Keyboard System Control: device is a keyboard
[    41.376] (II) config/udev: Adding input device Logitech M705 (/dev/input/event15)
[    41.376] (**) Logitech M705: Applying InputClass "libinput pointer catchall"
[    41.376] (II) Using input driver 'libinput' for 'Logitech M705'
[    41.377] (II) systemd-logind: got fd for /dev/input/event15 13:79 fd 26 paused 0
[    41.377] (**) Logitech M705: always reports core events
[    41.377] (**) Option "Device" "/dev/input/event15"
[    41.377] (**) Option "_source" "server/udev"
[    41.378] (II) event15 - Logitech M705: is tagged by udev as: Mouse
[    41.378] (II) event15 - Logitech M705: device set to 1000 DPI
[    41.378] (II) event15 - Logitech M705: device is a pointer
[    41.378] (II) event15 - Logitech M705: device removed
[    41.378] (**) Option "config_info" "udev:/sys/devices/pci0000:00/0000:00:14.0/usb2/2-5/2-5.4/2-5.4:1.2/0003:046D:C52B.0006/0003:046D:101B.0007/input/input20/event15"
[    41.378] (II) XINPUT: Adding extended input device "Logitech M705" (type: MOUSE, id 16)
[    41.378] (**) Option "AccelerationScheme" "none"
[    41.378] (**) Logitech M705: (accel) selected scheme none/0
[    41.378] (**) Logitech M705: (accel) acceleration factor: 2.000
[    41.378] (**) Logitech M705: (accel) acceleration threshold: 4
[    41.379] (II) event15 - Logitech M705: is tagged by udev as: Mouse
[    41.379] (II) event15 - Logitech M705: device set to 1000 DPI
[    41.379] (II) event15 - Logitech M705: device is a pointer
[    41.380] (II) config/udev: Adding input device Logitech M705 (/dev/input/mouse1)
[    41.380] (II) No input driver specified, ignoring this device.
[    41.380] (II) This device may have been added with another device file.
[    41.380] (II) config/udev: Adding input device FiiO DigiHug USB Audio (/dev/input/event11)
[    41.380] (**) FiiO DigiHug USB Audio: Applying InputClass "libinput keyboard catchall"
[    41.380] (**) FiiO DigiHug USB Audio: Applying InputClass "system-keyboard"
[    41.380] (**) FiiO DigiHug USB Audio: Applying InputClass "keyboard"
[    41.380] (II) Using input driver 'libinput' for 'FiiO DigiHug USB Audio'
[    41.381] (II) systemd-logind: got fd for /dev/input/event11 13:75 fd 27 paused 0
[    41.381] (**) FiiO DigiHug USB Audio: always reports core events
[    41.381] (**) Option "Device" "/dev/input/event11"
[    41.381] (**) Option "_source" "server/udev"
[    41.382] (II) event11 - FiiO DigiHug USB Audio: is tagged by udev as: Keyboard
[    41.382] (II) event11 - FiiO DigiHug USB Audio: device is a keyboard
[    41.382] (II) event11 - FiiO DigiHug USB Audio: device removed
[    41.382] (**) Option "config_info" "udev:/sys/devices/pci0000:00/0000:00:14.0/usb2/2-7/2-7:1.0/0003:1852:7022.0001/input/input12/event11"
[    41.382] (II) XINPUT: Adding extended input device "FiiO DigiHug USB Audio" (type: KEYBOARD, id 17)
[    41.382] (**) Option "xkb_model" "pc105"
[    41.382] (**) Option "xkb_layout" "de"
[    41.382] (**) Option "xkb_variant" "nodeadkeys"
[    41.383] (II) event11 - FiiO DigiHug USB Audio: is tagged by udev as: Keyboard
[    41.383] (II) event11 - FiiO DigiHug USB Audio: device is a keyboard
[    41.383] (II) config/udev: Adding input device HDA Digital PCBeep (/dev/input/event5)
[    41.383] (II) No input driver specified, ignoring this device.
[    41.383] (II) This device may have been added with another device file.
[    41.384] (II) config/udev: Adding input device HDA Intel PCH Headphone (/dev/input/event6)
[    41.384] (II) No input driver specified, ignoring this device.
[    41.384] (II) This device may have been added with another device file.
[    41.384] (II) config/udev: Adding input device AT Translated Set 2 keyboard (/dev/input/event4)
[    41.384] (**) AT Translated Set 2 keyboard: Applying InputClass "libinput keyboard catchall"
[    41.384] (**) AT Translated Set 2 keyboard: Applying InputClass "system-keyboard"
[    41.384] (**) AT Translated Set 2 keyboard: Applying InputClass "keyboard"
[    41.384] (II) Using input driver 'libinput' for 'AT Translated Set 2 keyboard'
[    41.385] (II) systemd-logind: got fd for /dev/input/event4 13:68 fd 28 paused 0
[    41.385] (**) AT Translated Set 2 keyboard: always reports core events
[    41.385] (**) Option "Device" "/dev/input/event4"
[    41.385] (**) Option "_source" "server/udev"
[    41.385] (II) event4  - AT Translated Set 2 keyboard: is tagged by udev as: Keyboard
[    41.385] (II) event4  - AT Translated Set 2 keyboard: device is a keyboard
[    41.386] (II) event4  - AT Translated Set 2 keyboard: device removed
[    41.386] (**) Option "config_info" "udev:/sys/devices/platform/i8042/serio0/input/input4/event4"
[    41.386] (II) XINPUT: Adding extended input device "AT Translated Set 2 keyboard" (type: KEYBOARD, id 18)
[    41.386] (**) Option "xkb_model" "pc105"
[    41.386] (**) Option "xkb_layout" "de"
[    41.386] (**) Option "xkb_variant" "nodeadkeys"
[    41.386] (II) event4  - AT Translated Set 2 keyboard: is tagged by udev as: Keyboard
[    41.386] (II) event4  - AT Translated Set 2 keyboard: device is a keyboard
[    41.387] (II) config/udev: Adding input device ImPS/2 Generic Wheel Mouse (/dev/input/event7)
[    41.387] (**) ImPS/2 Generic Wheel Mouse: Applying InputClass "libinput pointer catchall"
[    41.387] (II) Using input driver 'libinput' for 'ImPS/2 Generic Wheel Mouse'
[    41.388] (II) systemd-logind: got fd for /dev/input/event7 13:71 fd 29 paused 0
[    41.388] (**) ImPS/2 Generic Wheel Mouse: always reports core events
[    41.388] (**) Option "Device" "/dev/input/event7"
[    41.388] (**) Option "_source" "server/udev"
[    41.388] (II) event7  - ImPS/2 Generic Wheel Mouse: is tagged by udev as: Mouse
[    41.388] (II) event7  - ImPS/2 Generic Wheel Mouse: device is a pointer
[    41.389] (II) event7  - ImPS/2 Generic Wheel Mouse: device removed
[    41.389] (**) Option "config_info" "udev:/sys/devices/platform/i8042/serio1/input/input6/event7"
[    41.389] (II) XINPUT: Adding extended input device "ImPS/2 Generic Wheel Mouse" (type: MOUSE, id 19)
[    41.389] (**) Option "AccelerationScheme" "none"
[    41.389] (**) ImPS/2 Generic Wheel Mouse: (accel) selected scheme none/0
[    41.389] (**) ImPS/2 Generic Wheel Mouse: (accel) acceleration factor: 2.000
[    41.389] (**) ImPS/2 Generic Wheel Mouse: (accel) acceleration threshold: 4
[    41.389] (II) event7  - ImPS/2 Generic Wheel Mouse: is tagged by udev as: Mouse
[    41.389] (II) event7  - ImPS/2 Generic Wheel Mouse: device is a pointer
[    41.390] (II) config/udev: Adding input device ImPS/2 Generic Wheel Mouse (/dev/input/mouse0)
[    41.390] (II) No input driver specified, ignoring this device.
[    41.390] (II) This device may have been added with another device file.
[    41.390] (II) config/udev: Adding input device Acer WMI hotkeys (/dev/input/event8)
[    41.390] (**) Acer WMI hotkeys: Applying InputClass "libinput keyboard catchall"
[    41.390] (**) Acer WMI hotkeys: Applying InputClass "system-keyboard"
[    41.390] (**) Acer WMI hotkeys: Applying InputClass "keyboard"
[    41.390] (II) Using input driver 'libinput' for 'Acer WMI hotkeys'
[    41.391] (II) systemd-logind: got fd for /dev/input/event8 13:72 fd 30 paused 0
[    41.391] (**) Acer WMI hotkeys: always reports core events
[    41.391] (**) Option "Device" "/dev/input/event8"
[    41.391] (**) Option "_source" "server/udev"
[    41.391] (II) event8  - Acer WMI hotkeys: is tagged by udev as: Keyboard
[    41.391] (II) event8  - Acer WMI hotkeys: device is a keyboard
[    41.391] (II) event8  - Acer WMI hotkeys: device removed
[    41.391] (**) Option "config_info" "udev:/sys/devices/virtual/input/input9/event8"
[    41.391] (II) XINPUT: Adding extended input device "Acer WMI hotkeys" (type: KEYBOARD, id 20)
[    41.391] (**) Option "xkb_model" "pc105"
[    41.391] (**) Option "xkb_layout" "de"
[    41.391] (**) Option "xkb_variant" "nodeadkeys"
[    41.392] (II) event8  - Acer WMI hotkeys: is tagged by udev as: Keyboard
[    41.392] (II) event8  - Acer WMI hotkeys: device is a keyboard
[    41.395] (**) Logitech USB Keyboard Consumer Control: Applying InputClass "libinput keyboard catchall"
[    41.395] (**) Logitech USB Keyboard Consumer Control: Applying InputClass "system-keyboard"
[    41.395] (**) Logitech USB Keyboard Consumer Control: Applying InputClass "keyboard"
[    41.395] (II) Using input driver 'libinput' for 'Logitech USB Keyboard Consumer Control'
[    41.395] (II) systemd-logind: returning pre-existing fd for /dev/input/event13 13:77
[    41.395] (**) Logitech USB Keyboard Consumer Control: always reports core events
[    41.395] (**) Option "Device" "/dev/input/event13"
[    41.395] (**) Option "_source" "_driver/libinput"
[    41.395] (II) libinput: Logitech USB Keyboard Consumer Control: is a virtual subdevice
[    41.395] (**) Option "config_info" "udev:/sys/devices/pci0000:00/0000:00:14.0/usb2/2-5/2-5.3/2-5.3:1.1/0003:046D:C328.0003/input/input14/event13"
[    41.395] (II) XINPUT: Adding extended input device "Logitech USB Keyboard Consumer Control" (type: KEYBOARD, id 21)
[    41.395] (**) Option "xkb_model" "pc105"
[    41.395] (**) Option "xkb_layout" "de"
[    41.395] (**) Option "xkb_variant" "nodeadkeys"
